hse-main-phone-apk/build/outputs/logs/manifest-merger-serverDate-release-report.txt
-- Merging decision tree log ---
manifest
ADDED from src\main\AndroidManifest.xml:2:1-69:12
INJECTED from src\main\AndroidManifest.xml:2:1-69:12
INJECTED from src\main\AndroidManifest.xml:2:1-69:12
INJECTED from src\main\AndroidManifest.xml:2:1-69:12
MERGED from [:hse-osc-phone-app] AndroidManifest.xml:2:1-56:12
MERGED from [:hse-main-phone-app] AndroidManifest.xml:2:1-119:12
MERGED from [:hse-cc-phone-app] AndroidManifest.xml:2:1-47:12
MERGED from [:hse-dly-phone-app] AndroidManifest.xml:2:1-30:12
MERGED from [:hse-osr-phone-app] AndroidManifest.xml:2:1-30:12
MERGED from [:hse-nd-phone-app] AndroidManifest.xml:2:1-20:12
MERGED from [:hse-wov-phone-app] AndroidManifest.xml:2:1-44:12
MERGED from [:hse-scw-phone-app] AndroidManifest.xml:2:1-30:12
MERGED from [:hse-vp-phone-app] AndroidManifest.xml:2:1-18:12
MERGED from [:hse-pc-phone-app] AndroidManifest.xml:2:1-77:12
MERGED from [:hse-carxkzscan-phone-app] AndroidManifest.xml:2:1-13:12
MERGED from [:hse-ss-phone-app] AndroidManifest.xml:2:1-48:12
MERGED from [:hse-carxkz-phone-app] AndroidManifest.xml:2:1-16:12
MERGED from [com.android.support:multidex:1.0.2] AndroidManifest.xml:17:1-22:12
MERGED from [:hse-dc-phone-app] AndroidManifest.xml:2:1-31:12
MERGED from [:hse-common-module-phone] AndroidManifest.xml:2:1-113:12
MERGED from [:qr_code] AndroidManifest.xml:2:1-23:12
MERGED from [:hse-common-component-phone] AndroidManifest.xml:2:1-20:12
MERGED from [com.hayden.hap.plugin.android:zxing-library-androidx:1.0] AndroidManifest.xml:2:1-22:12
MERGED from [:hse-app-phone-res] AndroidManifest.xml:2:1-18:12
MERGED from [androidx.appcompat:appcompat:1.0.0] AndroidManifest.xml:17:1-22:12
MERGED from [com.github.lecho:hellocharts-library:1.5.8] AndroidManifest.xml:2:1-11:12
MERGED from [com.github.chrisbanes:PhotoView:2.0.0] AndroidManifest.xml:2:1-12:12
MERGED from [com.jiechic.library:xUtils:2.6.14] AndroidManifest.xml:2:1-13:12
MERGED from [com.tencent.bugly:crashreport:2.6.5] AndroidManifest.xml:2:1-9:12
MERGED from [org.videolan.android:libvlc-all:3.3.0-eap05] AndroidManifest.xml:2:1-11:12
MERGED from [androidx.legacy:legacy-support-v4:1.0.0] AndroidManifest.xml:17:1-22:12
MERGED from [androidx.fragment:fragment:1.0.0] AndroidManifest.xml:17:1-22:12
MERGED from [androidx.vectordrawable:vectordrawable-animated:1.0.0] AndroidManifest.xml:17:1-22:12
MERGED from [androidx.legacy:legacy-support-core-ui:1.0.0] AndroidManifest.xml:17:1-22:12
MERGED from [androidx.legacy:legacy-support-core-utils:1.0.0] AndroidManifest.xml:17:1-22:12
MERGED from [androidx.vectordrawable:vectordrawable:1.0.0] AndroidManifest.xml:17:1-22:12
MERGED from [androidx.loader:loader:1.0.0] AndroidManifest.xml:17:1-22:12
MERGED from [androidx.media:media:1.0.0] AndroidManifest.xml:17:1-22:12
MERGED from [androidx.viewpager:viewpager:1.0.0] AndroidManifest.xml:17:1-22:12
MERGED from [androidx.coordinatorlayout:coordinatorlayout:1.0.0] AndroidManifest.xml:17:1-22:12
MERGED from [androidx.drawerlayout:drawerlayout:1.0.0] AndroidManifest.xml:17:1-22:12
MERGED from [androidx.slidingpanelayout:slidingpanelayout:1.0.0] AndroidManifest.xml:17:1-22:12
MERGED from [androidx.customview:customview:1.0.0] AndroidManifest.xml:17:1-22:12
MERGED from [androidx.swiperefreshlayout:swiperefreshlayout:1.0.0] AndroidManifest.xml:17:1-22:12
MERGED from [androidx.asynclayoutinflater:asynclayoutinflater:1.0.0] AndroidManifest.xml:17:1-22:12
MERGED from [androidx.core:core:1.0.0] AndroidManifest.xml:17:1-24:12
MERGED from [androidx.versionedparcelable:versionedparcelable:1.0.0] AndroidManifest.xml:17:1-25:12
MERGED from [androidx.cursoradapter:cursoradapter:1.0.0] AndroidManifest.xml:17:1-22:12
MERGED from [androidx.lifecycle:lifecycle-runtime:2.0.0] AndroidManifest.xml:17:1-22:12
MERGED from [androidx.documentfile:documentfile:1.0.0] AndroidManifest.xml:17:1-22:12
MERGED from [androidx.localbroadcastmanager:localbroadcastmanager:1.0.0] AndroidManifest.xml:17:1-22:12
MERGED from [androidx.print:print:1.0.0] AndroidManifest.xml:17:1-22:12
MERGED from [androidx.lifecycle:lifecycle-viewmodel:2.0.0] AndroidManifest.xml:17:1-22:12
MERGED from [androidx.lifecycle:lifecycle-livedata:2.0.0] AndroidManifest.xml:17:1-22:12
MERGED from [androidx.lifecycle:lifecycle-livedata-core:2.0.0] AndroidManifest.xml:17:1-22:12
MERGED from [androidx.arch.core:core-runtime:2.0.0] AndroidManifest.xml:17:1-22:12
MERGED from [androidx.interpolator:interpolator:1.0.0] AndroidManifest.xml:17:1-22:12
MERGED from [com.hayden.hap.plugin.android:mediaKit:1.0-beta] AndroidManifest.xml:2:1-17:12
INJECTED from src\main\AndroidManifest.xml:2:1-69:12
INJECTED from src\main\AndroidManifest.xml:2:1-69:12
INJECTED from src\main\AndroidManifest.xml:2:1-69:12
	package
		ADDED from src\main\AndroidManifest.xml:4:5-40
		INJECTED from src\main\AndroidManifest.xml
		INJECTED from src\main\AndroidManifest.xml
	android:versionName
		ADDED from src\main\AndroidManifest.xml:6:5-32
		INJECTED from src\main\AndroidManifest.xml
		INJECTED from src\main\AndroidManifest.xml
	xmlns:tools
		ADDED from src\main\AndroidManifest.xml:3:5-51
	xmlns:android
		ADDED from src\main\AndroidManifest.xml:2:11-69
	android:versionCode
		ADDED from src\main\AndroidManifest.xml:5:5-29
		INJECTED from src\main\AndroidManifest.xml
		INJECTED from src\main\AndroidManifest.xml
uses-sdk
ADDED from src\main\AndroidManifest.xml:8:5-47
INJECTED from src\main\AndroidManifest.xml:8:5-47
INJECTED from src\main\AndroidManifest.xml:8:5-47
MERGED from [:hse-osc-phone-app] AndroidManifest.xml:7:5-9:41
MERGED from [:hse-osc-phone-app] AndroidManifest.xml:7:5-9:41
MERGED from [:hse-main-phone-app] AndroidManifest.xml:8:5-10:41
MERGED from [:hse-main-phone-app] AndroidManifest.xml:8:5-10:41
MERGED from [:hse-cc-phone-app] AndroidManifest.xml:8:5-10:41
MERGED from [:hse-cc-phone-app] AndroidManifest.xml:8:5-10:41
MERGED from [:hse-dly-phone-app] AndroidManifest.xml:7:5-9:41
MERGED from [:hse-dly-phone-app] AndroidManifest.xml:7:5-9:41
MERGED from [:hse-osr-phone-app] AndroidManifest.xml:7:5-9:41
MERGED from [:hse-osr-phone-app] AndroidManifest.xml:7:5-9:41
MERGED from [:hse-nd-phone-app] AndroidManifest.xml:6:5-8:41
MERGED from [:hse-nd-phone-app] AndroidManifest.xml:6:5-8:41
MERGED from [:hse-wov-phone-app] AndroidManifest.xml:7:5-9:41
MERGED from [:hse-wov-phone-app] AndroidManifest.xml:7:5-9:41
MERGED from [:hse-scw-phone-app] AndroidManifest.xml:7:5-9:41
MERGED from [:hse-scw-phone-app] AndroidManifest.xml:7:5-9:41
MERGED from [:hse-vp-phone-app] AndroidManifest.xml:8:5-10:41
MERGED from [:hse-vp-phone-app] AndroidManifest.xml:8:5-10:41
MERGED from [:hse-pc-phone-app] AndroidManifest.xml:7:5-9:41
MERGED from [:hse-pc-phone-app] AndroidManifest.xml:7:5-9:41
MERGED from [:hse-carxkzscan-phone-app] AndroidManifest.xml:5:5-7:41
MERGED from [:hse-carxkzscan-phone-app] AndroidManifest.xml:5:5-7:41
MERGED from [:hse-ss-phone-app] AndroidManifest.xml:7:5-9:41
MERGED from [:hse-ss-phone-app] AndroidManifest.xml:7:5-9:41
MERGED from [:hse-carxkz-phone-app] AndroidManifest.xml:5:5-7:41
MERGED from [:hse-carxkz-phone-app] AndroidManifest.xml:5:5-7:41
MERGED from [com.android.support:multidex:1.0.2] AndroidManifest.xml:20:5-43
MERGED from [com.android.support:multidex:1.0.2] AndroidManifest.xml:20:5-43
MERGED from [:hse-dc-phone-app] AndroidManifest.xml:7:5-9:41
MERGED from [:hse-dc-phone-app] AndroidManifest.xml:7:5-9:41
MERGED from [:hse-common-module-phone] AndroidManifest.xml:8:5-10:41
MERGED from [:hse-common-module-phone] AndroidManifest.xml:8:5-10:41
MERGED from [:qr_code] AndroidManifest.xml:5:5-7:41
MERGED from [:qr_code] AndroidManifest.xml:5:5-7:41
MERGED from [:hse-common-component-phone] AndroidManifest.xml:8:5-10:41
MERGED from [:hse-common-component-phone] AndroidManifest.xml:8:5-10:41
MERGED from [com.hayden.hap.plugin.android:zxing-library-androidx:1.0] AndroidManifest.xml:7:5-9:41
MERGED from [com.hayden.hap.plugin.android:zxing-library-androidx:1.0] AndroidManifest.xml:7:5-9:41
MERGED from [:hse-app-phone-res] AndroidManifest.xml:7:5-9:41
MERGED from [:hse-app-phone-res] AndroidManifest.xml:7:5-9:41
MERGED from [androidx.appcompat:appcompat:1.0.0] AndroidManifest.xml:20:5-44
MERGED from [androidx.appcompat:appcompat:1.0.0] AndroidManifest.xml:20:5-44
MERGED from [com.github.lecho:hellocharts-library:1.5.8] AndroidManifest.xml:7:5-9:41
MERGED from [com.github.lecho:hellocharts-library:1.5.8] AndroidManifest.xml:7:5-9:41
MERGED from [com.github.chrisbanes:PhotoView:2.0.0] AndroidManifest.xml:8:5-10:41
MERGED from [com.github.chrisbanes:PhotoView:2.0.0] AndroidManifest.xml:8:5-10:41
MERGED from [com.jiechic.library:xUtils:2.6.14] AndroidManifest.xml:7:5-9:41
MERGED from [com.jiechic.library:xUtils:2.6.14] AndroidManifest.xml:7:5-9:41
MERGED from [com.tencent.bugly:crashreport:2.6.5] AndroidManifest.xml:5:5-7:41
MERGED from [com.tencent.bugly:crashreport:2.6.5] AndroidManifest.xml:5:5-7:41
MERGED from [org.videolan.android:libvlc-all:3.3.0-eap05] AndroidManifest.xml:7:5-9:41
MERGED from [org.videolan.android:libvlc-all:3.3.0-eap05] AndroidManifest.xml:7:5-9:41
MERGED from [androidx.legacy:legacy-support-v4:1.0.0] AndroidManifest.xml:20:5-44
MERGED from [androidx.legacy:legacy-support-v4:1.0.0] AndroidManifest.xml:20:5-44
MERGED from [androidx.fragment:fragment:1.0.0] AndroidManifest.xml:20:5-44
MERGED from [androidx.fragment:fragment:1.0.0] AndroidManifest.xml:20:5-44
MERGED from [androidx.vectordrawable:vectordrawable-animated:1.0.0] AndroidManifest.xml:20:5-44
MERGED from [androidx.vectordrawable:vectordrawable-animated:1.0.0] AndroidManifest.xml:20:5-44
MERGED from [androidx.legacy:legacy-support-core-ui:1.0.0] AndroidManifest.xml:20:5-44
MERGED from [androidx.legacy:legacy-support-core-ui:1.0.0] AndroidManifest.xml:20:5-44
MERGED from [androidx.legacy:legacy-support-core-utils:1.0.0] AndroidManifest.xml:20:5-44
MERGED from [androidx.legacy:legacy-support-core-utils:1.0.0] AndroidManifest.xml:20:5-44
MERGED from [androidx.vectordrawable:vectordrawable:1.0.0] AndroidManifest.xml:20:5-44
MERGED from [androidx.vectordrawable:vectordrawable:1.0.0] AndroidManifest.xml:20:5-44
MERGED from [androidx.loader:loader:1.0.0] AndroidManifest.xml:20:5-44
MERGED from [androidx.loader:loader:1.0.0] AndroidManifest.xml:20:5-44
MERGED from [androidx.media:media:1.0.0] AndroidManifest.xml:20:5-44
MERGED from [androidx.media:media:1.0.0] AndroidManifest.xml:20:5-44
MERGED from [androidx.viewpager:viewpager:1.0.0] AndroidManifest.xml:20:5-44
MERGED from [androidx.viewpager:viewpager:1.0.0] AndroidManifest.xml:20:5-44
MERGED from [androidx.coordinatorlayout:coordinatorlayout:1.0.0] AndroidManifest.xml:20:5-44
MERGED from [androidx.coordinatorlayout:coordinatorlayout:1.0.0] AndroidManifest.xml:20:5-44
MERGED from [androidx.drawerlayout:drawerlayout:1.0.0] AndroidManifest.xml:20:5-44
MERGED from [androidx.drawerlayout:drawerlayout:1.0.0] AndroidManifest.xml:20:5-44
MERGED from [androidx.slidingpanelayout:slidingpanelayout:1.0.0] AndroidManifest.xml:20:5-44
MERGED from [androidx.slidingpanelayout:slidingpanelayout:1.0.0] AndroidManifest.xml:20:5-44
MERGED from [androidx.customview:customview:1.0.0] AndroidManifest.xml:20:5-44
MERGED from [androidx.customview:customview:1.0.0] AndroidManifest.xml:20:5-44
MERGED from [androidx.swiperefreshlayout:swiperefreshlayout:1.0.0] AndroidManifest.xml:20:5-44
MERGED from [androidx.swiperefreshlayout:swiperefreshlayout:1.0.0] AndroidManifest.xml:20:5-44
MERGED from [androidx.asynclayoutinflater:asynclayoutinflater:1.0.0] AndroidManifest.xml:20:5-44
MERGED from [androidx.asynclayoutinflater:asynclayoutinflater:1.0.0] AndroidManifest.xml:20:5-44
MERGED from [androidx.core:core:1.0.0] AndroidManifest.xml:20:5-44
MERGED from [androidx.core:core:1.0.0] AndroidManifest.xml:20:5-44
MERGED from [androidx.versionedparcelable:versionedparcelable:1.0.0] AndroidManifest.xml:20:5-44
MERGED from [androidx.versionedparcelable:versionedparcelable:1.0.0] AndroidManifest.xml:20:5-44
MERGED from [androidx.cursoradapter:cursoradapter:1.0.0] AndroidManifest.xml:20:5-44
MERGED from [androidx.cursoradapter:cursoradapter:1.0.0] AndroidManifest.xml:20:5-44
MERGED from [androidx.lifecycle:lifecycle-runtime:2.0.0] AndroidManifest.xml:20:5-44
MERGED from [androidx.lifecycle:lifecycle-runtime:2.0.0] AndroidManifest.xml:20:5-44
MERGED from [androidx.documentfile:documentfile:1.0.0] AndroidManifest.xml:20:5-44
MERGED from [androidx.documentfile:documentfile:1.0.0] AndroidManifest.xml:20:5-44
MERGED from [androidx.localbroadcastmanager:localbroadcastmanager:1.0.0] AndroidManifest.xml:20:5-44
MERGED from [androidx.localbroadcastmanager:localbroadcastmanager:1.0.0] AndroidManifest.xml:20:5-44
MERGED from [androidx.print:print:1.0.0] AndroidManifest.xml:20:5-44
MERGED from [androidx.print:print:1.0.0] AndroidManifest.xml:20:5-44
MERGED from [androidx.lifecycle:lifecycle-viewmodel:2.0.0] AndroidManifest.xml:20:5-44
MERGED from [androidx.lifecycle:lifecycle-viewmodel:2.0.0] AndroidManifest.xml:20:5-44
MERGED from [androidx.lifecycle:lifecycle-livedata:2.0.0] AndroidManifest.xml:20:5-44
MERGED from [androidx.lifecycle:lifecycle-livedata:2.0.0] AndroidManifest.xml:20:5-44
MERGED from [androidx.lifecycle:lifecycle-livedata-core:2.0.0] AndroidManifest.xml:20:5-44
MERGED from [androidx.lifecycle:lifecycle-livedata-core:2.0.0] AndroidManifest.xml:20:5-44
MERGED from [androidx.arch.core:core-runtime:2.0.0] AndroidManifest.xml:20:5-44
MERGED from [androidx.arch.core:core-runtime:2.0.0] AndroidManifest.xml:20:5-44
MERGED from [androidx.interpolator:interpolator:1.0.0] AndroidManifest.xml:20:5-44
MERGED from [androidx.interpolator:interpolator:1.0.0] AndroidManifest.xml:20:5-44
MERGED from [com.hayden.hap.plugin.android:mediaKit:1.0-beta] AndroidManifest.xml:7:5-9:41
MERGED from [com.hayden.hap.plugin.android:mediaKit:1.0-beta] AndroidManifest.xml:7:5-9:41
INJECTED from src\main\AndroidManifest.xml:8:5-47
INJECTED from src\main\AndroidManifest.xml:8:5-47
	android:targetSdkVersion
		ADDED from src\main\AndroidManifest.xml:8:15-44
		INJECTED from src\main\AndroidManifest.xml
		INJECTED from src\main\AndroidManifest.xml
	android:minSdkVersion
		INJECTED from src\main\AndroidManifest.xml
		ADDED from src\main\AndroidManifest.xml:8:5-47
		INJECTED from src\main\AndroidManifest.xml
uses-permission#android.permission.WRITE_EXTERNAL_STORAGE
ADDED from src\main\AndroidManifest.xml:10:5-81
MERGED from [:hse-main-phone-app] AndroidManifest.xml:12:5-81
MERGED from [:hse-main-phone-app] AndroidManifest.xml:12:5-81
MERGED from [:hse-cc-phone-app] AndroidManifest.xml:12:5-81
MERGED from [:hse-cc-phone-app] AndroidManifest.xml:12:5-81
MERGED from [:hse-common-module-phone] AndroidManifest.xml:14:5-81
MERGED from [:hse-common-module-phone] AndroidManifest.xml:14:5-81
MERGED from [:qr_code] AndroidManifest.xml:11:5-81
MERGED from [:qr_code] AndroidManifest.xml:11:5-81
	android:name
		ADDED from src\main\AndroidManifest.xml:10:22-78
uses-permission#android.permission.READ_EXTERNAL_STORAGE
ADDED from src\main\AndroidManifest.xml:11:5-80
MERGED from [:hse-main-phone-app] AndroidManifest.xml:41:5-80
MERGED from [:hse-main-phone-app] AndroidManifest.xml:41:5-80
MERGED from [:hse-cc-phone-app] AndroidManifest.xml:14:5-80
MERGED from [:hse-cc-phone-app] AndroidManifest.xml:14:5-80
MERGED from [:hse-common-module-phone] AndroidManifest.xml:13:5-80
MERGED from [:hse-common-module-phone] AndroidManifest.xml:13:5-80
MERGED from [:qr_code] AndroidManifest.xml:12:5-80
MERGED from [:qr_code] AndroidManifest.xml:12:5-80
	android:name
		ADDED from src\main\AndroidManifest.xml:11:22-77
uses-permission#android.permission.MOUNT_UNMOUNT_FILESYSTEMS
ADDED from src\main\AndroidManifest.xml:12:5-84
MERGED from [:hse-main-phone-app] AndroidManifest.xml:13:5-84
MERGED from [:hse-main-phone-app] AndroidManifest.xml:13:5-84
MERGED from [:hse-common-module-phone] AndroidManifest.xml:15:5-84
MERGED from [:hse-common-module-phone] AndroidManifest.xml:15:5-84
	android:name
		ADDED from src\main\AndroidManifest.xml:12:22-81
uses-permission#android.permission.INTERNET
ADDED from src\main\AndroidManifest.xml:13:5-67
MERGED from [:hse-main-phone-app] AndroidManifest.xml:14:5-67
MERGED from [:hse-main-phone-app] AndroidManifest.xml:14:5-67
MERGED from [:hse-main-phone-app] AndroidManifest.xml:24:5-67
MERGED from [:hse-main-phone-app] AndroidManifest.xml:24:5-67
	android:name
		ADDED from src\main\AndroidManifest.xml:13:22-64
uses-permission#android.permission.CAMERA
ADDED from src\main\AndroidManifest.xml:14:5-81
MERGED from [:hse-main-phone-app] AndroidManifest.xml:15:5-65
MERGED from [:hse-main-phone-app] AndroidManifest.xml:15:5-65
MERGED from [:hse-common-module-phone] AndroidManifest.xml:12:5-65
MERGED from [:hse-common-module-phone] AndroidManifest.xml:12:5-65
MERGED from [:qr_code] AndroidManifest.xml:9:5-65
MERGED from [:qr_code] AndroidManifest.xml:9:5-65
	android:name
		ADDED from src\main\AndroidManifest.xml:14:22-62
uses-permission#android.permission.NFC
ADDED from src\main\AndroidManifest.xml:16:5-62
MERGED from [:hse-main-phone-app] AndroidManifest.xml:17:5-62
MERGED from [:hse-main-phone-app] AndroidManifest.xml:17:5-62
MERGED from [:hse-common-module-phone] AndroidManifest.xml:21:5-62
MERGED from [:hse-common-module-phone] AndroidManifest.xml:21:5-62
	android:name
		ADDED from src\main\AndroidManifest.xml:16:22-59
uses-permission#android.permission.READ_PHONE_STATE
ADDED from src\main\AndroidManifest.xml:17:5-75
MERGED from [:hse-main-phone-app] AndroidManifest.xml:23:5-75
MERGED from [:hse-main-phone-app] AndroidManifest.xml:23:5-75
MERGED from [:hse-main-phone-app] AndroidManifest.xml:40:5-75
MERGED from [:hse-main-phone-app] AndroidManifest.xml:40:5-75
MERGED from [:hse-cc-phone-app] AndroidManifest.xml:13:5-75
MERGED from [:hse-cc-phone-app] AndroidManifest.xml:13:5-75
	android:name
		ADDED from src\main\AndroidManifest.xml:17:22-72
uses-feature#android.hardware.nfc
ADDED from src\main\AndroidManifest.xml:19:5-21:35
MERGED from [:hse-main-phone-app] AndroidManifest.xml:19:5-21:35
MERGED from [:hse-main-phone-app] AndroidManifest.xml:19:5-21:35
MERGED from [:hse-main-phone-app] AndroidManifest.xml:29:5-31:35
MERGED from [:hse-main-phone-app] AndroidManifest.xml:29:5-31:35
MERGED from [:hse-common-module-phone] AndroidManifest.xml:23:5-25:35
MERGED from [:hse-common-module-phone] AndroidManifest.xml:23:5-25:35
	android:required
		ADDED from src\main\AndroidManifest.xml:21:9-32
	android:name
		ADDED from src\main\AndroidManifest.xml:20:9-44
supports-screens
ADDED from src\main\AndroidManifest.xml:23:5-28:40
MERGED from [:hse-main-phone-app] AndroidManifest.xml:33:5-38:40
MERGED from [:hse-main-phone-app] AndroidManifest.xml:33:5-38:40
	android:largeScreens
		ADDED from src\main\AndroidManifest.xml:25:9-36
	android:smallScreens
		ADDED from src\main\AndroidManifest.xml:27:9-36
	android:normalScreens
		ADDED from src\main\AndroidManifest.xml:26:9-37
	android:xlargeScreens
		ADDED from src\main\AndroidManifest.xml:28:9-37
	android:anyDensity
		ADDED from src\main\AndroidManifest.xml:24:9-34
application
ADDED from src\main\AndroidManifest.xml:30:5-67:19
MERGED from [:hse-osc-phone-app] AndroidManifest.xml:11:5-54:19
MERGED from [:hse-osc-phone-app] AndroidManifest.xml:11:5-54:19
MERGED from [:hse-main-phone-app] AndroidManifest.xml:43:5-117:19
MERGED from [:hse-main-phone-app] AndroidManifest.xml:43:5-117:19
MERGED from [:hse-cc-phone-app] AndroidManifest.xml:17:5-45:19
MERGED from [:hse-cc-phone-app] AndroidManifest.xml:17:5-45:19
MERGED from [:hse-dly-phone-app] AndroidManifest.xml:11:5-28:19
MERGED from [:hse-dly-phone-app] AndroidManifest.xml:11:5-28:19
MERGED from [:hse-osr-phone-app] AndroidManifest.xml:11:5-28:19
MERGED from [:hse-osr-phone-app] AndroidManifest.xml:11:5-28:19
MERGED from [:hse-nd-phone-app] AndroidManifest.xml:10:5-18:19
MERGED from [:hse-nd-phone-app] AndroidManifest.xml:10:5-18:19
MERGED from [:hse-wov-phone-app] AndroidManifest.xml:11:5-42:19
MERGED from [:hse-wov-phone-app] AndroidManifest.xml:11:5-42:19
MERGED from [:hse-scw-phone-app] AndroidManifest.xml:11:5-28:19
MERGED from [:hse-scw-phone-app] AndroidManifest.xml:11:5-28:19
MERGED from [:hse-vp-phone-app] AndroidManifest.xml:12:5-16:19
MERGED from [:hse-vp-phone-app] AndroidManifest.xml:12:5-16:19
MERGED from [:hse-pc-phone-app] AndroidManifest.xml:11:5-75:19
MERGED from [:hse-pc-phone-app] AndroidManifest.xml:11:5-75:19
MERGED from [:hse-carxkzscan-phone-app] AndroidManifest.xml:9:5-11:19
MERGED from [:hse-carxkzscan-phone-app] AndroidManifest.xml:9:5-11:19
MERGED from [:hse-ss-phone-app] AndroidManifest.xml:11:5-46:19
MERGED from [:hse-ss-phone-app] AndroidManifest.xml:11:5-46:19
MERGED from [:hse-carxkz-phone-app] AndroidManifest.xml:9:5-14:19
MERGED from [:hse-carxkz-phone-app] AndroidManifest.xml:9:5-14:19
MERGED from [:hse-dc-phone-app] AndroidManifest.xml:11:5-29:19
MERGED from [:hse-dc-phone-app] AndroidManifest.xml:11:5-29:19
MERGED from [:hse-common-module-phone] AndroidManifest.xml:27:5-111:19
MERGED from [:hse-common-module-phone] AndroidManifest.xml:27:5-111:19
MERGED from [:qr_code] AndroidManifest.xml:14:5-21:19
MERGED from [:qr_code] AndroidManifest.xml:14:5-21:19
MERGED from [:hse-common-component-phone] AndroidManifest.xml:12:5-18:19
MERGED from [:hse-common-component-phone] AndroidManifest.xml:12:5-18:19
MERGED from [com.hayden.hap.plugin.android:zxing-library-androidx:1.0] AndroidManifest.xml:13:5-20:19
MERGED from [com.hayden.hap.plugin.android:zxing-library-androidx:1.0] AndroidManifest.xml:13:5-20:19
MERGED from [:hse-app-phone-res] AndroidManifest.xml:11:5-16:19
MERGED from [:hse-app-phone-res] AndroidManifest.xml:11:5-16:19
MERGED from [com.jiechic.library:xUtils:2.6.14] AndroidManifest.xml:11:5-20
MERGED from [com.jiechic.library:xUtils:2.6.14] AndroidManifest.xml:11:5-20
MERGED from [androidx.core:core:1.0.0] AndroidManifest.xml:22:5-89
MERGED from [androidx.core:core:1.0.0] AndroidManifest.xml:22:5-89
MERGED from [androidx.versionedparcelable:versionedparcelable:1.0.0] AndroidManifest.xml:22:5-23:19
MERGED from [androidx.versionedparcelable:versionedparcelable:1.0.0] AndroidManifest.xml:22:5-23:19
MERGED from [com.hayden.hap.plugin.android:mediaKit:1.0-beta] AndroidManifest.xml:11:5-15:19
MERGED from [com.hayden.hap.plugin.android:mediaKit:1.0-beta] AndroidManifest.xml:11:5-15:19
	android:appComponentFactory
		ADDED from [androidx.core:core:1.0.0] AndroidManifest.xml:22:18-86
	android:supportsRtl
		ADDED from [:hse-nd-phone-app] AndroidManifest.xml:15:9-35
	android:label
		ADDED from src\main\AndroidManifest.xml:35:9-44
		REJECTED from [:hse-osc-phone-app] AndroidManifest.xml:14:9-41
		REJECTED from [:hse-main-phone-app] AndroidManifest.xml:47:9-41
		REJECTED from [:hse-cc-phone-app] AndroidManifest.xml:20:9-41
		REJECTED from [:hse-dly-phone-app] AndroidManifest.xml:14:9-41
		REJECTED from [:hse-osr-phone-app] AndroidManifest.xml:14:9-41
		REJECTED from [:hse-nd-phone-app] AndroidManifest.xml:14:9-41
		REJECTED from [:hse-wov-phone-app] AndroidManifest.xml:14:9-41
		REJECTED from [:hse-scw-phone-app] AndroidManifest.xml:14:9-41
		REJECTED from [:hse-vp-phone-app] AndroidManifest.xml:14:9-41
		REJECTED from [:hse-pc-phone-app] AndroidManifest.xml:14:9-41
		REJECTED from [:hse-ss-phone-app] AndroidManifest.xml:14:9-41
		REJECTED from [:hse-dc-phone-app] AndroidManifest.xml:14:9-41
		REJECTED from [:hse-common-module-phone] AndroidManifest.xml:29:9-41
		REJECTED from [:qr_code] AndroidManifest.xml:16:9-41
		REJECTED from [:hse-common-component-phone] AndroidManifest.xml:15:9-41
		REJECTED from [:hse-app-phone-res] AndroidManifest.xml:14:9-41
		REJECTED from [com.hayden.hap.plugin.android:mediaKit:1.0-beta] AndroidManifest.xml:13:9-41
	xmlns:tools
		ADDED from [:hse-nd-phone-app] AndroidManifest.xml:11:9-55
	android:hardwareAccelerated
		ADDED from src\main\AndroidManifest.xml:33:9-44
	android:largeHeap
		ADDED from src\main\AndroidManifest.xml:36:9-33
	android:icon
		ADDED from src\main\AndroidManifest.xml:34:9-51
		REJECTED from [:hse-osc-phone-app] AndroidManifest.xml:13:9-45
		REJECTED from [:hse-main-phone-app] AndroidManifest.xml:46:9-51
		REJECTED from [:hse-cc-phone-app] AndroidManifest.xml:19:9-45
		REJECTED from [:hse-dly-phone-app] AndroidManifest.xml:13:9-45
		REJECTED from [:hse-osr-phone-app] AndroidManifest.xml:13:9-45
		REJECTED from [:hse-nd-phone-app] AndroidManifest.xml:13:9-43
		REJECTED from [:hse-wov-phone-app] AndroidManifest.xml:13:9-45
		REJECTED from [:hse-scw-phone-app] AndroidManifest.xml:13:9-45
		REJECTED from [:hse-vp-phone-app] AndroidManifest.xml:13:9-38
		REJECTED from [:hse-pc-phone-app] AndroidManifest.xml:13:9-45
		REJECTED from [:hse-ss-phone-app] AndroidManifest.xml:13:9-45
		REJECTED from [:hse-dc-phone-app] AndroidManifest.xml:13:9-45
		REJECTED from [:hse-common-module-phone] AndroidManifest.xml:28:9-45
		REJECTED from [:hse-common-component-phone] AndroidManifest.xml:14:9-88
		REJECTED from [:hse-app-phone-res] AndroidManifest.xml:13:9-51
	android:allowBackup
		ADDED from src\main\AndroidManifest.xml:32:9-35
	android:theme
		ADDED from src\main\AndroidManifest.xml:37:9-40
	tools:replace
		ADDED from src\main\AndroidManifest.xml:38:9-51
	android:name
		ADDED from src\main\AndroidManifest.xml:31:9-71
provider#androidx.core.content.FileProvider
ADDED from src\main\AndroidManifest.xml:42:9-50:20
	android:grantUriPermissions
		ADDED from src\main\AndroidManifest.xml:46:13-47
	android:authorities
		ADDED from src\main\AndroidManifest.xml:44:13-68
	android:exported
		ADDED from src\main\AndroidManifest.xml:45:13-37
	android:name
		ADDED from src\main\AndroidManifest.xml:43:13-62
meta-data#android.support.FILE_PROVIDER_PATHS
ADDED from src\main\AndroidManifest.xml:47:13-49:54
	android:resource
		ADDED from src\main\AndroidManifest.xml:49:17-51
	android:name
		ADDED from src\main\AndroidManifest.xml:48:17-67
activity#com.hd.hse.main.phone.ui.activity.welcome.StartWelcomeActivity
ADDED from src\main\AndroidManifest.xml:52:9-60:20
	android:windowSoftInputMode
		ADDED from src\main\AndroidManifest.xml:54:13-55
	android:name
		ADDED from src\main\AndroidManifest.xml:53:13-90
intent-filter#action:name:android.intent.action.MAIN+category:name:android.intent.category.LAUNCHER
ADDED from src\main\AndroidManifest.xml:55:13-59:29
action#android.intent.action.MAIN
ADDED from src\main\AndroidManifest.xml:56:17-69
	android:name
		ADDED from src\main\AndroidManifest.xml:56:25-66
category#android.intent.category.LAUNCHER
ADDED from src\main\AndroidManifest.xml:58:17-77
	android:name
		ADDED from src\main\AndroidManifest.xml:58:27-74
activity#com.hd.hse.osc.phone.ui.activity.worktask.TaskTabulationActivity
ADDED from [:hse-osc-phone-app] AndroidManifest.xml:16:9-21:20
	android:screenOrientation
		ADDED from [:hse-osc-phone-app] AndroidManifest.xml:19:13-49
	android:windowSoftInputMode
		ADDED from [:hse-osc-phone-app] AndroidManifest.xml:20:13-55
	android:configChanges
		ADDED from [:hse-osc-phone-app] AndroidManifest.xml:18:13-74
	android:name
		ADDED from [:hse-osc-phone-app] AndroidManifest.xml:17:13-92
activity#com.hd.hse.osc.phone.ui.activity.obsolete.WorkOrderObsoleteActivity
ADDED from [:hse-osc-phone-app] AndroidManifest.xml:22:9-27:20
	android:screenOrientation
		ADDED from [:hse-osc-phone-app] AndroidManifest.xml:25:13-49
	android:windowSoftInputMode
		ADDED from [:hse-osc-phone-app] AndroidManifest.xml:26:13-65
	android:configChanges
		ADDED from [:hse-osc-phone-app] AndroidManifest.xml:24:13-74
	android:name
		ADDED from [:hse-osc-phone-app] AndroidManifest.xml:23:13-95
activity#com.hd.hse.osc.phone.ui.activity.workorder.WorkOrderActivity
ADDED from [:hse-osc-phone-app] AndroidManifest.xml:28:9-33:20
	android:screenOrientation
		ADDED from [:hse-osc-phone-app] AndroidManifest.xml:31:13-49
	android:windowSoftInputMode
		ADDED from [:hse-osc-phone-app] AndroidManifest.xml:32:13-52
	android:configChanges
		ADDED from [:hse-osc-phone-app] AndroidManifest.xml:30:13-74
	android:name
		ADDED from [:hse-osc-phone-app] AndroidManifest.xml:29:13-88
activity#com.hd.hse.osc.phone.ui.activity.tempelectricity.TempEleChoiceListActivity
ADDED from [:hse-osc-phone-app] AndroidManifest.xml:39:9-43:58
	android:screenOrientation
		ADDED from [:hse-osc-phone-app] AndroidManifest.xml:42:13-49
	android:windowSoftInputMode
		ADDED from [:hse-osc-phone-app] AndroidManifest.xml:43:13-55
	android:configChanges
		ADDED from [:hse-osc-phone-app] AndroidManifest.xml:41:13-74
	android:name
		ADDED from [:hse-osc-phone-app] AndroidManifest.xml:40:13-102
activity#com.hd.hse.osc.phone.ui.activity.remoteappr.RemoteApprActivity
ADDED from [:hse-osc-phone-app] AndroidManifest.xml:44:9-48:58
	android:screenOrientation
		ADDED from [:hse-osc-phone-app] AndroidManifest.xml:47:13-49
	android:windowSoftInputMode
		ADDED from [:hse-osc-phone-app] AndroidManifest.xml:48:13-55
	android:configChanges
		ADDED from [:hse-osc-phone-app] AndroidManifest.xml:46:13-74
	android:name
		ADDED from [:hse-osc-phone-app] AndroidManifest.xml:45:13-90
activity#com.hd.hse.osc.phone.ui.activity.remoteappr.SelectPersonActivity
ADDED from [:hse-osc-phone-app] AndroidManifest.xml:49:9-53:58
	android:screenOrientation
		ADDED from [:hse-osc-phone-app] AndroidManifest.xml:52:13-49
	android:windowSoftInputMode
		ADDED from [:hse-osc-phone-app] AndroidManifest.xml:53:13-55
	android:configChanges
		ADDED from [:hse-osc-phone-app] AndroidManifest.xml:51:13-74
	android:name
		ADDED from [:hse-osc-phone-app] AndroidManifest.xml:50:13-92
uses-permission#android.permission.ACCESS_NETWORK_STATE
ADDED from [:hse-main-phone-app] AndroidManifest.xml:25:5-79
	android:name
		ADDED from [:hse-main-phone-app] AndroidManifest.xml:25:22-76
uses-permission#android.permission.ACCESS_WIFI_STATE
ADDED from [:hse-main-phone-app] AndroidManifest.xml:26:5-76
	android:name
		ADDED from [:hse-main-phone-app] AndroidManifest.xml:26:22-73
uses-permission#android.permission.READ_LOGS
ADDED from [:hse-main-phone-app] AndroidManifest.xml:27:5-68
	android:name
		ADDED from [:hse-main-phone-app] AndroidManifest.xml:27:22-65